<?xml version="1.0" encoding="utf-8"?><testsuites name="pytest tests"><testsuite name="pytest" errors="0" failures="0" skipped="0" tests="16" time="2.616" timestamp="2026-05-29T17:12:57.457564+00:00" hostname="agent-env-89330210-85df-4908-ab30-d31b2b9732fd"><testcase classname="backend.tests.test_bookings.TestCreateBooking" name="test_create_booking_with_multiple_services" time="0.274" /><testcase classname="backend.tests.test_bookings.TestCreateBooking" name="test_create_booking_single_service" time="0.058" /><testcase classname="backend.tests.test_bookings.TestCreateBooking" name="test_create_booking_empty_services_rejected" time="0.057" /><testcase classname="backend.tests.test_bookings.TestCreateBooking" name="test_create_booking_invalid_email_rejected" time="0.058" /><testcase classname="backend.tests.test_bookings.TestGetBookings" name="test_get_all_bookings_sorted_desc" time="0.177" /><testcase classname="backend.tests.test_bookings.TestGetBookings" name="test_get_bookings_filter_pending" time="0.114" /><testcase classname="backend.tests.test_bookings.TestGetBookings" name="test_get_bookings_filter_approved" time="0.166" /><testcase classname="backend.tests.test_bookings.TestUpdateBooking" name="test_update_to_approved" time="0.160" /><testcase classname="backend.tests.test_bookings.TestUpdateBooking" name="test_update_to_completed" time="0.113" /><testcase classname="backend.tests.test_bookings.TestUpdateBooking" name="test_update_to_declined" time="0.106" /><testcase classname="backend.tests.test_bookings.TestUpdateBooking" name="test_update_invalid_status" time="0.106" /><testcase classname="backend.tests.test_bookings.TestUpdateBooking" name="test_update_invalid_id" time="0.056" /><testcase classname="backend.tests.test_bookings.TestUpdateBooking" name="test_update_nonexistent_booking" time="0.056" /><testcase classname="backend.tests.test_bookings.TestDeleteBooking" name="test_delete_booking" time="0.189" /><testcase classname="backend.tests.test_bookings.TestDeleteBooking" name="test_delete_nonexistent_booking" time="0.054" /><testcase classname="backend.tests.test_bookings.TestDeleteBooking" name="test_delete_invalid_id" time="0.653" /></testsuite></testsuites>